#
# There is insufficient memory for the Java Runtime Environment to continue.
# Native memory allocation (mmap) failed to map 132120576 bytes for Failed to commit area from 0x0000000083200000 to 0x000000008b000000 of length 132120576.
# Possible reasons:
#   The system is out of physical RAM or swap space
#   The process is running with CompressedOops enabled, and the Java Heap may be blocking the growth of the native heap
# Possible solutions:
#   Reduce memory load on the system
#   Increase physical memory or swap space
#   Check if swap backing store is full
#   Decrease Java heap size (-Xmx/-Xms)
#   Decrease number of Java threads
#   Decrease Java thread stack sizes (-Xss)
#   Set larger code cache with -XX:ReservedCodeCacheSize=
#   JVM is running with Unscaled Compressed Oops mode in which the Java heap is
#     placed in the first 4GB address space. The Java Heap base address is the
#     maximum limit for the native heap growth. Please use -XX:HeapBaseMinAddress
#     to set the Java Heap base and to place the Java Heap above 4GB virtual address.
# This output file may be truncated or incomplete.
#
#  Out of Memory Error (./open/src/hotspot/os/windows/os_windows.cpp:3315), pid=26072, tid=26076
#
# JRE version:  (14.0.1+7) (build )
# Java VM: Java HotSpot(TM) 64-Bit Server VM (14.0.1+7, mixed mode, sharing, tiered, compressed oops, g1 gc, windows-amd64)
# No core dump will be written. Minidumps are not enabled by default on client versions of Windows
#

---------------  S U M M A R Y ------------

Command Line: -ea -Dfile.encoding=Cp1252 -XX:+ShowCodeDetailsInExceptionMessages org.testng.remote.RemoteTestNG -serport 32916 -protocol json -d C:\Users\yes\git\QA-Training\Rainbowtest\test-output C:\Users\yes\git\QA-Training\Rainbowtest\testng.xml

Host: Intel(R) Core(TM) i7-7500U CPU @ 2.70GHz, 4 cores, 7G,  Windows 10 , 64 bit Build 19041 (10.0.19041.1503)
Time: Wed Mar 16 20:35:36 2022 Jerusalem Standard Time elapsed time: 0 seconds (0d 0h 0m 0s)

---------------  T H R E A D  ---------------

Current thread (0x000001f0b86dc000):  JavaThread "Unknown thread" [_thread_in_vm, id=26076, stack(0x0000001dc1100000,0x0000001dc1200000)]

Stack: [0x0000001dc1100000,0x0000001dc1200000]
Native frames: (J=compiled Java code, j=interpreted, Vv=VM code, C=native code)
V  [jvm.dll+0x5f840a]
V  [jvm.dll+0x741e4a]
V  [jvm.dll+0x7435ff]
V  [jvm.dll+0x743c43]
V  [jvm.dll+0x20d288]
V  [jvm.dll+0x5f57ba]
V  [jvm.dll+0x5ea615]
V  [jvm.dll+0x2c7e9c]
V  [jvm.dll+0x2c7cd2]
V  [jvm.dll+0x2cdbbc]
V  [jvm.dll+0x313ff8]
V  [jvm.dll+0x313720]
V  [jvm.dll+0x2a092a]
V  [jvm.dll+0x2a1a79]
V  [jvm.dll+0x71f718]
V  [jvm.dll+0x321c44]
V  [jvm.dll+0x700b0c]
V  [jvm.dll+0x392dff]
V  [jvm.dll+0x394e71]
C  [jli.dll+0x523b]
C  [ucrtbase.dll+0x21bb2]
C  [KERNEL32.DLL+0x17034]
C  [ntdll.dll+0x52651]


---------------  P R O C E S S  ---------------

Threads class SMR info:
_java_thread_list=0x00007ffa70c43078, length=0, elements={
}

Java Threads: ( => current thread )

Other Threads:
  0x000001f0b8827800 GCTaskThread "GC Thread#0" [stack: 0x0000001dc1200000,0x0000001dc1300000] [id=9104]
  0x000001f0b8838800 ConcurrentGCThread "G1 Main Marker" [stack: 0x0000001dc1300000,0x0000001dc1400000] [id=17668]
  0x000001f0b883a800 ConcurrentGCThread "G1 Conc#0" [stack: 0x0000001dc1400000,0x0000001dc1500000] [id=17104]

[error occurred during error reporting (printing all threads), id 0xc0000005, EXCEPTION_ACCESS_VIOLATION (0xc0000005) at pc=0x00007ffa70471257]

VM state:not at safepoint (not fully initialized)

VM Mutex/Monitor currently owned by a thread:  ([mutex/lock_event])
[0x000001f0b87e4000] Heap_lock - owner thread: 0x000001f0b86dc000

Heap address: 0x0000000083200000, size: 1998 MB, Compressed Oops mode: 32-bit
Narrow klass base: 0x0000000000000000, Narrow klass shift: 0

GC Heap History (0 events):
No events

Deoptimization events (0 events):
No events

Classes unloaded (0 events):
No events

Classes redefined (0 events):
No events

Internal exceptions (0 events):
No events

Events (2 events):
Event: 0.090 Loaded shared library C:\Program Files\Java\jdk-14.0.1\bin\java.dll
Event: 0.101 Loaded shared library C:\Program Files\Java\jdk-14.0.1\bin\zip.dll


Dynamic libraries:
0x00007ff60a3e0000 - 0x00007ff60a3ef000 	C:\Program Files\Java\jdk-14.0.1\bin\javaw.exe
0x00007ffb0e350000 - 0x00007ffb0e545000 	C:\WINDOWS\SYSTEM32\ntdll.dll
0x00007ffb0c680000 - 0x00007ffb0c73e000 	C:\WINDOWS\System32\KERNEL32.DLL
0x00007ffb0ba60000 - 0x00007ffb0bd28000 	C:\WINDOWS\System32\KERNELBASE.dll
0x00007ffb0c2a0000 - 0x00007ffb0c3a0000 	C:\WINDOWS\System32\ucrtbase.dll
0x00007ffaf83b0000 - 0x00007ffaf83c8000 	C:\Program Files\Java\jdk-14.0.1\bin\jli.dll
0x00007ffb0c440000 - 0x00007ffb0c4ee000 	C:\WINDOWS\System32\ADVAPI32.dll
0x00007ffb0c3a0000 - 0x00007ffb0c43e000 	C:\WINDOWS\System32\msvcrt.dll
0x00007ffb0e120000 - 0x00007ffb0e1bc000 	C:\WINDOWS\System32\sechost.dll
0x00007ffb0c740000 - 0x00007ffb0c865000 	C:\WINDOWS\System32\RPCRT4.dll
0x00007ffb0d5d0000 - 0x00007ffb0d770000 	C:\WINDOWS\System32\USER32.dll
0x00007ffb0bd30000 - 0x00007ffb0bd52000 	C:\WINDOWS\System32\win32u.dll
0x00007ffb0df10000 - 0x00007ffb0df3b000 	C:\WINDOWS\System32\GDI32.dll
0x00007ffb0bf50000 - 0x00007ffb0c05d000 	C:\WINDOWS\System32\gdi32full.dll
0x00007ffb0c060000 - 0x00007ffb0c0fd000 	C:\WINDOWS\System32\msvcp_win.dll
0x00007ffaf8eb0000 - 0x00007ffaf914a000 	C:\WINDOWS\WinSxS\amd64_microsoft.windows.common-controls_6595b64144ccf1df_6.0.19041.1110_none_60b5254171f9507e\COMCTL32.dll
0x00007ffafa2e0000 - 0x00007ffafa2ea000 	C:\WINDOWS\SYSTEM32\VERSION.dll
0x00007ffaf4f70000 - 0x00007ffaf4f85000 	C:\Program Files\Java\jdk-14.0.1\bin\VCRUNTIME140.dll
0x00007ffb0dd50000 - 0x00007ffb0dd80000 	C:\WINDOWS\System32\IMM32.DLL
0x00007ffae1a60000 - 0x00007ffae1afb000 	C:\Program Files\Java\jdk-14.0.1\bin\msvcp140.dll
0x00007ffa701c0000 - 0x00007ffa70cde000 	C:\Program Files\Java\jdk-14.0.1\bin\server\jvm.dll
0x00007ffb0d5c0000 - 0x00007ffb0d5c8000 	C:\WINDOWS\System32\PSAPI.DLL
0x00007ffaf4200000 - 0x00007ffaf4209000 	C:\WINDOWS\SYSTEM32\WSOCK32.dll
0x00007ffb0e1c0000 - 0x00007ffb0e22b000 	C:\WINDOWS\System32\WS2_32.dll
0x00007ffaf7210000 - 0x00007ffaf7237000 	C:\WINDOWS\SYSTEM32\WINMM.dll
0x00007ffb0a2e0000 - 0x00007ffb0a2f2000 	C:\WINDOWS\SYSTEM32\kernel.appcore.dll
0x00007ffb06bf0000 - 0x00007ffb06bfa000 	C:\Program Files\Java\jdk-14.0.1\bin\jimage.dll
0x00007ffb09ff0000 - 0x00007ffb0a1d4000 	C:\WINDOWS\SYSTEM32\DBGHELP.DLL
0x00007ffaf5710000 - 0x00007ffaf573c000 	C:\WINDOWS\SYSTEM32\dbgcore.DLL
0x00007ffb0bd60000 - 0x00007ffb0bde2000 	C:\WINDOWS\System32\bcryptPrimitives.dll
0x00007ffb05020000 - 0x00007ffb05045000 	C:\Program Files\Java\jdk-14.0.1\bin\java.dll
0x00007ffb04d20000 - 0x00007ffb04d36000 	C:\Program Files\Java\jdk-14.0.1\bin\zip.dll

dbghelp: loaded successfully - version: 4.0.5 - missing functions: none
symbol engine: initialized successfully - sym options: 0x614 - pdb path: .;C:\Program Files\Java\jdk-14.0.1\bin;C:\WINDOWS\SYSTEM32;C:\WINDOWS\WinSxS\amd64_microsoft.windows.common-controls_6595b64144ccf1df_6.0.19041.1110_none_60b5254171f9507e;C:\Program Files\Java\jdk-14.0.1\bin\server

VM Arguments:
jvm_args: -ea -Dfile.encoding=Cp1252 -XX:+ShowCodeDetailsInExceptionMessages 
java_command: org.testng.remote.RemoteTestNG -serport 32916 -protocol json -d C:\Users\yes\git\QA-Training\Rainbowtest\test-output C:\Users\yes\git\QA-Training\Rainbowtest\testng.xml
java_class_path (initial): C:\Users\yes\eclipse\java-2021-12\eclipse\configuration\org.eclipse.osgi\430\0\.cp\lib\testng-remote.jar;C:\Users\yes\git\QA-Training\Rainbowtest\target\test-classes;C:\Users\yes\git\QA-Training\Rainbowtest\target\classes;C:\Users\yes\selenium-java-4.1.2\selenium-api-4.1.2.jar;C:\Users\yes\selenium-java-4.1.2\selenium-api-4.1.2-sources.jar;C:\Users\yes\selenium-java-4.1.2\selenium-chrome-driver-4.1.2.jar;C:\Users\yes\selenium-java-4.1.2\selenium-chrome-driver-4.1.2-sources.jar;C:\Users\yes\selenium-java-4.1.2\selenium-chromium-driver-4.1.2.jar;C:\Users\yes\selenium-java-4.1.2\selenium-chromium-driver-4.1.2-sources.jar;C:\Users\yes\selenium-java-4.1.2\selenium-devtools-v85-4.1.2.jar;C:\Users\yes\selenium-java-4.1.2\selenium-devtools-v85-4.1.2-sources.jar;C:\Users\yes\selenium-java-4.1.2\selenium-devtools-v95-4.1.2.jar;C:\Users\yes\selenium-java-4.1.2\selenium-devtools-v95-4.1.2-sources.jar;C:\Users\yes\selenium-java-4.1.2\selenium-devtools-v96-4.1.2.jar;C:\Users\yes\selenium-java-4.1.2\selenium-devtools-v96-4.1.2-sources.jar;C:\Users\yes\selenium-java-4.1.2\selenium-devtools-v97-4.1.2.jar;C:\Users\yes\selenium-java-4.1.2\selenium-devtools-v97-4.1.2-sources.jar;C:\Users\yes\selenium-java-4.1.2\selenium-edge-driver-4.1.2.jar;C:\Users\yes\selenium-java-4.1.2\selenium-edge-driver-4.1.2-sources.jar;C:\Users\yes\selenium-java-4.1.2\selenium-firefox-driver-4.1.2.jar;C:\Users\yes\selenium-java-4.1.2\selenium-firefox-driver-4.1.2-sources.jar;C:\Users\yes\selenium-java-4.1.2\selenium-firefox-xpi-driver-4.1.2.jar;C:\Users\yes\selenium-java-4.1.2\selenium-firefox-xpi-driver-4.1.2-sources.jar;C:\Users\yes\selenium-java-4.1.2\selenium-http-4.1.2.jar;C:\Users\yes\selenium-java-4.1.2\selenium-http-4.1.2-sources.jar;C:\Users\yes\selenium-java-4.1.2\selenium-ie-driver-4.1.2.jar;C:\Users\yes\selenium-java-4.1.2\selenium-ie-driver-4.1.2-sources.jar;C:\Users\yes\selenium-java-4.1.2\selenium-java-4.1.2.jar;C:\Users\yes\selenium-java-4.1.2\selenium-java-4.1.2-s
Launcher Type: SUN_STANDARD

[Global flags]
     intx CICompilerCount                          = 3                                         {product} {ergonomic}
     uint ConcGCThreads                            = 1                                         {product} {ergonomic}
     uint G1ConcRefinementThreads                  = 4                                         {product} {ergonomic}
   size_t G1HeapRegionSize                         = 1048576                                   {product} {ergonomic}
    uintx GCDrainStackTargetSize                   = 64                                        {product} {ergonomic}
   size_t InitialHeapSize                          = 132120576                                 {product} {ergonomic}
   size_t MarkStackSize                            = 4194304                                   {product} {ergonomic}
   size_t MaxHeapSize                              = 2095054848                                {product} {ergonomic}
   size_t MinHeapDeltaBytes                        = 1048576                                   {product} {ergonomic}
   size_t MinHeapSize                              = 8388608                                   {product} {ergonomic}
    uintx NonNMethodCodeHeapSize                   = 5832780                                {pd product} {ergonomic}
    uintx NonProfiledCodeHeapSize                  = 122912730                              {pd product} {ergonomic}
    uintx ProfiledCodeHeapSize                     = 122912730                              {pd product} {ergonomic}
    uintx ReservedCodeCacheSize                    = 251658240                              {pd product} {ergonomic}
     bool SegmentedCodeCache                       = true                                      {product} {ergonomic}
     bool ShowCodeDetailsInExceptionMessages       = true                                   {manageable} {command line}
   size_t SoftMaxHeapSize                          = 2095054848                             {manageable} {ergonomic}
     bool UseCompressedClassPointers               = true                                 {lp64_product} {ergonomic}
     bool UseCompressedOops                        = true                                 {lp64_product} {ergonomic}
     bool UseG1GC                                  = true                                      {product} {ergonomic}
     bool UseLargePagesIndividualAllocation        = false                                  {pd product} {ergonomic}

Logging:
Log output configuration:
 #0: stdout all=warning uptime,level,tags
 #1: stderr all=off uptime,level,tags

Environment Variables:
JAVA_HOME=C:\Program Files\Java\jdk1.8.0_251
JRE_HOME=C:\Program Files\Java\jre1.8.0_251
CLASSPATH=C:\apache-tomcat-9.0.40\lib
PATH=C:/Program Files/Java/jdk-14.0.1/bin/server;C:/Program Files/Java/jdk-14.0.1/bin;C:\Python39\Scripts\;C:\Python39\;C:\Users\yes\Downloads\jdk-11.0.9_windows-x64_bin\jdk-11.0.9\bin;C:\Program Files (x86)\Common Files\Oracle\Java\javapath;C:\python\Python38\Scripts\;C:\python\Python38\;C:\Program Files (x86)\Intel\Intel(R) Management Engine Components\iCLS\;C:\Program Files\Intel\Intel(R) Management Engine Components\iCLS\;C:\WINDOWS\system32;C:\WINDOWS;C:\WINDOWS\System32\Wbem;C:\WINDOWS\System32\WindowsPowerShell\v1.0\;C:\Program Files\Intel\WiFi\bin\;C:\Program Files\Common Files\Intel\WirelessCommon\;C:\Program Files (x86)\Intel\Intel(R) Management Engine Components\DAL;C:\Program Files\Intel\Intel(R) Management Engine Components\DAL;C:\Program Files (x86)\Intel\Intel(R) Management Engine Components\IPT;C:\Program Files\Intel\Intel(R) Management Engine Components\IPT;C:\WINDOWS\System32\OpenSSH\;C:\WINDOWS\system32\config\systemprofile\.dnx\bin;C:\Program Files\Microsoft DNX\Dnvm\;C:\Program Files\Microsoft SQL Server\120\Tools\Binn\;C:\Program Files\Microsoft SQL Server\130\Tools\Binn\;C:\Program Files\Java\java jdk\jdk1.8.0_251\bin;C:\Python39\Scripts\;C:\Python39\;C:\Users\yes\Downloads\jdk-11.0.9_windows-x64_bin\jdk-11.0.9\bin;C:\Program Files (x86)\Common Files\Oracle\Java\javapath;C:\python\Python38\Scripts\;C:\python\Python38\;C:\Program Files (x86)\Intel\Intel(R) Management Engine Components\iCLS\;C:\Program Files\Intel\Intel(R) Management Engine Components\iCLS\;C:\WINDOWS\system32;C:\WINDOWS;C:\WINDOWS\System32\Wbem;C:\WINDOWS\System32\WindowsPowerShell\v1.0\;C:\Program Files\Intel\WiFi\bin\;C:\Program Files\Common Files\Intel\WirelessCommon\;C:\Program Files (x86)\Intel\Intel(R) Management Engine Components\DAL;C:\Program Files\Intel\Intel(R) Management Engine Components\DAL;C:\Program Files (x86)\Intel\Intel(R) Management Engine Components\IPT;C:\Program Files\Intel\Intel(R) Management Engine Components\IPT;C:\WINDOWS\System32\OpenSSH\;%USERPROFILE%\
USERNAME=yes
OS=Windows_NT
PROCESSOR_IDENTIFIER=Intel64 Family 6 Model 142 Stepping 9, GenuineIntel



---------------  S Y S T E M  ---------------

OS: Windows 10 , 64 bit Build 19041 (10.0.19041.1503)
OS uptime: 2 days 12:08 hours

CPU:total 4 (initial active 4) (2 cores per cpu, 2 threads per core) family 6 model 142 stepping 9, cmov, cx8, fxsr, mmx, sse, sse2, sse3, ssse3, sse4.1, sse4.2, popcnt, avx, avx2, aes, clmul, erms, 3dnowpref, lzcnt, ht, tsc, tscinvbit, bmi1, bmi2, adx, fma

Memory: 4k page, system-wide physical 7987M (1106M free)
TotalPageFile size 17712M (AvailPageFile size 100M)
current process WorkingSet (physical memory assigned to process): 10M, peak: 10M
current process commit charge ("private bytes"): 52M, peak: 177M

vm_info: Java HotSpot(TM) 64-Bit Server VM (14.0.1+7) for windows-amd64 JRE (14.0.1+7), built on Mar  5 2020 10:30:14 by "mach5one" with MS VC++ 15.9 (VS2017)

END.
